


ARM Macro Assembler    Page 1 


    1 00000000         ;*******************************************************
                       ***********************
    2 00000000         ;* File      : startup_stm32f103c8tx.s
    3 00000000         ;* Device    : STM32F103C8T6
    4 00000000         ;* Toolchain : Keil MDK-ARM
    5 00000000         ;*******************************************************
                       ***********************
    6 00000000         
    7 00000000 00000400 
                       Stack_Size
                               EQU              0x00000400
    8 00000000         
    9 00000000                 AREA             STACK, NOINIT, READWRITE, ALIGN
=3
   10 00000000         Stack_Mem
                               SPACE            Stack_Size
   11 00000400         __initial_sp
   12 00000400         
   13 00000400 00000200 
                       Heap_Size
                               EQU              0x00000200
   14 00000400         
   15 00000400                 AREA             HEAP, NOINIT, READWRITE, ALIGN=
3
   16 00000000         __heap_base
   17 00000000         Heap_Mem
                               SPACE            Heap_Size
   18 00000200         __heap_limit
   19 00000200         
   20 00000200                 PRESERVE8
   21 00000200                 THUMB
   22 00000200         
   23 00000200                 AREA             RESET, DATA, READONLY
   24 00000000                 EXPORT           __Vectors
   25 00000000                 EXPORT           __Vectors_End
   26 00000000                 EXPORT           __Vectors_Size
   27 00000000         
   28 00000000 00000000 
                       __Vectors
                               DCD              __initial_sp
   29 00000004 00000000        DCD              Reset_Handler
   30 00000008 00000000        DCD              NMI_Handler
   31 0000000C 00000000        DCD              HardFault_Handler
   32 00000010 00000000        DCD              MemManage_Handler
   33 00000014 00000000        DCD              BusFault_Handler
   34 00000018 00000000        DCD              UsageFault_Handler
   35 0000001C 00000000        DCD              0
   36 00000020 00000000        DCD              0
   37 00000024 00000000        DCD              0
   38 00000028 00000000        DCD              0
   39 0000002C 00000000        DCD              SVC_Handler
   40 00000030 00000000        DCD              DebugMon_Handler
   41 00000034 00000000        DCD              0
   42 00000038 00000000        DCD              PendSV_Handler
   43 0000003C 00000000        DCD              SysTick_Handler
   44 00000040         
   45 00000040         ; External Interrupts
   46 00000040 00000000        DCD              WWDG_IRQHandler
   47 00000044 00000000        DCD              PVD_IRQHandler



ARM Macro Assembler    Page 2 


   48 00000048 00000000        DCD              TAMPER_IRQHandler
   49 0000004C 00000000        DCD              RTC_IRQHandler
   50 00000050 00000000        DCD              FLASH_IRQHandler
   51 00000054 00000000        DCD              RCC_IRQHandler
   52 00000058 00000000        DCD              EXTI0_IRQHandler
   53 0000005C 00000000        DCD              EXTI1_IRQHandler
   54 00000060 00000000        DCD              EXTI2_IRQHandler
   55 00000064 00000000        DCD              EXTI3_IRQHandler
   56 00000068 00000000        DCD              EXTI4_IRQHandler
   57 0000006C 00000000        DCD              DMA1_Channel1_IRQHandler
   58 00000070 00000000        DCD              DMA1_Channel2_IRQHandler
   59 00000074 00000000        DCD              DMA1_Channel3_IRQHandler
   60 00000078 00000000        DCD              DMA1_Channel4_IRQHandler
   61 0000007C 00000000        DCD              DMA1_Channel5_IRQHandler
   62 00000080 00000000        DCD              DMA1_Channel6_IRQHandler
   63 00000084 00000000        DCD              DMA1_Channel7_IRQHandler
   64 00000088 00000000        DCD              ADC1_2_IRQHandler
   65 0000008C 00000000        DCD              USB_HP_CAN1_TX_IRQHandler
   66 00000090 00000000        DCD              USB_LP_CAN1_RX0_IRQHandler
   67 00000094 00000000        DCD              CAN1_RX1_IRQHandler
   68 00000098 00000000        DCD              CAN1_SCE_IRQHandler
   69 0000009C 00000000        DCD              EXTI9_5_IRQHandler
   70 000000A0 00000000        DCD              TIM1_BRK_IRQHandler
   71 000000A4 00000000        DCD              TIM1_UP_IRQHandler
   72 000000A8 00000000        DCD              TIM1_TRG_COM_IRQHandler
   73 000000AC 00000000        DCD              TIM1_CC_IRQHandler
   74 000000B0 00000000        DCD              TIM2_IRQHandler
   75 000000B4 00000000        DCD              TIM3_IRQHandler
   76 000000B8 00000000        DCD              TIM4_IRQHandler
   77 000000BC 00000000        DCD              I2C1_EV_IRQHandler
   78 000000C0 00000000        DCD              I2C1_ER_IRQHandler
   79 000000C4 00000000        DCD              I2C2_EV_IRQHandler
   80 000000C8 00000000        DCD              I2C2_ER_IRQHandler
   81 000000CC 00000000        DCD              SPI1_IRQHandler
   82 000000D0 00000000        DCD              SPI2_IRQHandler
   83 000000D4 00000000        DCD              USART1_IRQHandler
   84 000000D8 00000000        DCD              USART2_IRQHandler
   85 000000DC 00000000        DCD              USART3_IRQHandler
   86 000000E0 00000000        DCD              EXTI15_10_IRQHandler
   87 000000E4 00000000        DCD              RTCAlarm_IRQHandler
   88 000000E8 00000000        DCD              USBWakeUp_IRQHandler
   89 000000EC         
   90 000000EC         __Vectors_End
   91 000000EC 000000EC 
                       __Vectors_Size
                               EQU              __Vectors_End - __Vectors
   92 000000EC         
   93 000000EC                 AREA             |.text|, CODE, READONLY
   94 00000000         
   95 00000000         Reset_Handler
                               PROC
   96 00000000                 EXPORT           Reset_Handler             [WEAK
]
   97 00000000                 IMPORT           SystemInit
   98 00000000                 IMPORT           __main
   99 00000000 F7FF FFFE       BL               SystemInit
  100 00000004 F7FF BFFE       B                __main
  101 00000008                 ENDP
  102 00000008         



ARM Macro Assembler    Page 3 


  103 00000008         Default_Handler
                               PROC
  104 00000008                 EXPORT           NMI_Handler               [WEAK
]
  105 00000008                 EXPORT           HardFault_Handler         [WEAK
]
  106 00000008                 EXPORT           MemManage_Handler         [WEAK
]
  107 00000008                 EXPORT           BusFault_Handler          [WEAK
]
  108 00000008                 EXPORT           UsageFault_Handler        [WEAK
]
  109 00000008                 EXPORT           SVC_Handler               [WEAK
]
  110 00000008                 EXPORT           DebugMon_Handler          [WEAK
]
  111 00000008                 EXPORT           PendSV_Handler            [WEAK
]
  112 00000008                 EXPORT           SysTick_Handler           [WEAK
]
  113 00000008         
  114 00000008                 EXPORT           WWDG_IRQHandler           [WEAK
]
  115 00000008                 EXPORT           PVD_IRQHandler            [WEAK
]
  116 00000008                 EXPORT           TAMPER_IRQHandler         [WEAK
]
  117 00000008                 EXPORT           RTC_IRQHandler            [WEAK
]
  118 00000008                 EXPORT           FLASH_IRQHandler          [WEAK
]
  119 00000008                 EXPORT           RCC_IRQHandler            [WEAK
]
  120 00000008                 EXPORT           EXTI0_IRQHandler          [WEAK
]
  121 00000008                 EXPORT           EXTI1_IRQHandler          [WEAK
]
  122 00000008                 EXPORT           EXTI2_IRQHandler          [WEAK
]
  123 00000008                 EXPORT           EXTI3_IRQHandler          [WEAK
]
  124 00000008                 EXPORT           EXTI4_IRQHandler          [WEAK
]
  125 00000008                 EXPORT           DMA1_Channel1_IRQHandler  [WEAK
]
  126 00000008                 EXPORT           DMA1_Channel2_IRQHandler  [WEAK
]
  127 00000008                 EXPORT           DMA1_Channel3_IRQHandler  [WEAK
]
  128 00000008                 EXPORT           DMA1_Channel4_IRQHandler  [WEAK
]
  129 00000008                 EXPORT           DMA1_Channel5_IRQHandler  [WEAK
]
  130 00000008                 EXPORT           DMA1_Channel6_IRQHandler  [WEAK
]
  131 00000008                 EXPORT           DMA1_Channel7_IRQHandler  [WEAK
]
  132 00000008                 EXPORT           ADC1_2_IRQHandler         [WEAK
]



ARM Macro Assembler    Page 4 


  133 00000008                 EXPORT           USB_HP_CAN1_TX_IRQHandler [WEAK
]
  134 00000008                 EXPORT           USB_LP_CAN1_RX0_IRQHandler [WEA
K]
  135 00000008                 EXPORT           CAN1_RX1_IRQHandler       [WEAK
]
  136 00000008                 EXPORT           CAN1_SCE_IRQHandler       [WEAK
]
  137 00000008                 EXPORT           EXTI9_5_IRQHandler        [WEAK
]
  138 00000008                 EXPORT           TIM1_BRK_IRQHandler       [WEAK
]
  139 00000008                 EXPORT           TIM1_UP_IRQHandler        [WEAK
]
  140 00000008                 EXPORT           TIM1_TRG_COM_IRQHandler   [WEAK
]
  141 00000008                 EXPORT           TIM1_CC_IRQHandler        [WEAK
]
  142 00000008                 EXPORT           TIM2_IRQHandler           [WEAK
]
  143 00000008                 EXPORT           TIM3_IRQHandler           [WEAK
]
  144 00000008                 EXPORT           TIM4_IRQHandler           [WEAK
]
  145 00000008                 EXPORT           I2C1_EV_IRQHandler        [WEAK
]
  146 00000008                 EXPORT           I2C1_ER_IRQHandler        [WEAK
]
  147 00000008                 EXPORT           I2C2_EV_IRQHandler        [WEAK
]
  148 00000008                 EXPORT           I2C2_ER_IRQHandler        [WEAK
]
  149 00000008                 EXPORT           SPI1_IRQHandler           [WEAK
]
  150 00000008                 EXPORT           SPI2_IRQHandler           [WEAK
]
  151 00000008                 EXPORT           USART1_IRQHandler         [WEAK
]
  152 00000008                 EXPORT           USART2_IRQHandler         [WEAK
]
  153 00000008                 EXPORT           USART3_IRQHandler         [WEAK
]
  154 00000008                 EXPORT           EXTI15_10_IRQHandler      [WEAK
]
  155 00000008                 EXPORT           RTCAlarm_IRQHandler       [WEAK
]
  156 00000008                 EXPORT           USBWakeUp_IRQHandler      [WEAK
]
  157 00000008         
  158 00000008         NMI_Handler
  159 00000008         HardFault_Handler
  160 00000008         MemManage_Handler
  161 00000008         BusFault_Handler
  162 00000008         UsageFault_Handler
  163 00000008         SVC_Handler
  164 00000008         DebugMon_Handler
  165 00000008         PendSV_Handler
  166 00000008         SysTick_Handler
  167 00000008         



ARM Macro Assembler    Page 5 


  168 00000008         WWDG_IRQHandler
  169 00000008         PVD_IRQHandler
  170 00000008         TAMPER_IRQHandler
  171 00000008         RTC_IRQHandler
  172 00000008         FLASH_IRQHandler
  173 00000008         RCC_IRQHandler
  174 00000008         EXTI0_IRQHandler
  175 00000008         EXTI1_IRQHandler
  176 00000008         EXTI2_IRQHandler
  177 00000008         EXTI3_IRQHandler
  178 00000008         EXTI4_IRQHandler
  179 00000008         DMA1_Channel1_IRQHandler
  180 00000008         DMA1_Channel2_IRQHandler
  181 00000008         DMA1_Channel3_IRQHandler
  182 00000008         DMA1_Channel4_IRQHandler
  183 00000008         DMA1_Channel5_IRQHandler
  184 00000008         DMA1_Channel6_IRQHandler
  185 00000008         DMA1_Channel7_IRQHandler
  186 00000008         ADC1_2_IRQHandler
  187 00000008         USB_HP_CAN1_TX_IRQHandler
  188 00000008         USB_LP_CAN1_RX0_IRQHandler
  189 00000008         CAN1_RX1_IRQHandler
  190 00000008         CAN1_SCE_IRQHandler
  191 00000008         EXTI9_5_IRQHandler
  192 00000008         TIM1_BRK_IRQHandler
  193 00000008         TIM1_UP_IRQHandler
  194 00000008         TIM1_TRG_COM_IRQHandler
  195 00000008         TIM1_CC_IRQHandler
  196 00000008         TIM2_IRQHandler
  197 00000008         TIM3_IRQHandler
  198 00000008         TIM4_IRQHandler
  199 00000008         I2C1_EV_IRQHandler
  200 00000008         I2C1_ER_IRQHandler
  201 00000008         I2C2_EV_IRQHandler
  202 00000008         I2C2_ER_IRQHandler
  203 00000008         SPI1_IRQHandler
  204 00000008         SPI2_IRQHandler
  205 00000008         USART1_IRQHandler
  206 00000008         USART2_IRQHandler
  207 00000008         USART3_IRQHandler
  208 00000008         EXTI15_10_IRQHandler
  209 00000008         RTCAlarm_IRQHandler
  210 00000008         USBWakeUp_IRQHandler
  211 00000008 E7FE            B                .
  212 0000000A                 ENDP
  213 0000000A         
  214 0000000A 00 00           ALIGN
  215 0000000C         
  216 0000000C                 IF               :DEF:__MICROLIB
  221 0000000C                 IMPORT           __use_two_region_memory
  222 0000000C                 EXPORT           __user_initial_stackheap
  223 0000000C         
  224 0000000C         __user_initial_stackheap
                               PROC
  225 0000000C 4802            LDR              R0, =Heap_Mem
  226 0000000E 4903            LDR              R1, =(Stack_Mem + Stack_Size)
  227 00000010 4A03            LDR              R2, =(Heap_Mem + Heap_Size)
  228 00000012 4B04            LDR              R3, =Stack_Mem
  229 00000014 4770            BX               LR



ARM Macro Assembler    Page 6 


  230 00000016                 ENDP
  231 00000016 00 00           ALIGN
  232 00000018                 ENDIF
  233 00000018         
  234 00000018                 END
              00000000 
              00000400 
              00000200 
              00000000 
Command Line: --16 --debug --xref --diag_suppress=9931 --cpu=Cortex-M3 --apcs=i
nterwork --depend=..\objects\startup_stm32f103c8tx.d -o..\objects\startup_stm32
f103c8tx.o -I..\USER -I..\APP -I..\DRIVER -I..\SYSTEM -I.\RTE\_MazeRobot -ID:\K
eil\ARM\PACK\Keil\STM32F1xx_DFP\2.4.1\Device\Include -ID:\Keil\ARM\CMSIS\Includ
e --predefine="__UVISION_VERSION SETA 524" --predefine="STM32F10X_MD SETA 1" --
list=..\listings\startup_stm32f103c8tx.lst ..\CORE\startup_stm32f103c8tx.s



ARM Macro Assembler    Page 1 Alphabetic symbol ordering
Relocatable symbols

STACK 00000000

Symbol: STACK
   Definitions
      At line 9 in file ..\CORE\startup_stm32f103c8tx.s
   Uses
      None
Comment: STACK unused
Stack_Mem 00000000

Symbol: Stack_Mem
   Definitions
      At line 10 in file ..\CORE\startup_stm32f103c8tx.s
   Uses
      At line 226 in file ..\CORE\startup_stm32f103c8tx.s
      At line 228 in file ..\CORE\startup_stm32f103c8tx.s

__initial_sp 00000400

Symbol: __initial_sp
   Definitions
      At line 11 in file ..\CORE\startup_stm32f103c8tx.s
   Uses
      At line 28 in file ..\CORE\startup_stm32f103c8tx.s
Comment: __initial_sp used once
3 symbols



ARM Macro Assembler    Page 1 Alphabetic symbol ordering
Relocatable symbols

HEAP 00000000

Symbol: HEAP
   Definitions
      At line 15 in file ..\CORE\startup_stm32f103c8tx.s
   Uses
      None
Comment: HEAP unused
Heap_Mem 00000000

Symbol: Heap_Mem
   Definitions
      At line 17 in file ..\CORE\startup_stm32f103c8tx.s
   Uses
      At line 225 in file ..\CORE\startup_stm32f103c8tx.s
      At line 227 in file ..\CORE\startup_stm32f103c8tx.s

__heap_base 00000000

Symbol: __heap_base
   Definitions
      At line 16 in file ..\CORE\startup_stm32f103c8tx.s
   Uses
      None
Comment: __heap_base unused
__heap_limit 00000200

Symbol: __heap_limit
   Definitions
      At line 18 in file ..\CORE\startup_stm32f103c8tx.s
   Uses
      None
Comment: __heap_limit unused
4 symbols



ARM Macro Assembler    Page 1 Alphabetic symbol ordering
Relocatable symbols

RESET 00000000

Symbol: RESET
   Definitions
      At line 23 in file ..\CORE\startup_stm32f103c8tx.s
   Uses
      None
Comment: RESET unused
__Vectors 00000000

Symbol: __Vectors
   Definitions
      At line 28 in file ..\CORE\startup_stm32f103c8tx.s
   Uses
      At line 24 in file ..\CORE\startup_stm32f103c8tx.s
      At line 91 in file ..\CORE\startup_stm32f103c8tx.s

__Vectors_End 000000EC

Symbol: __Vectors_End
   Definitions
      At line 90 in file ..\CORE\startup_stm32f103c8tx.s
   Uses
      At line 25 in file ..\CORE\startup_stm32f103c8tx.s
      At line 91 in file ..\CORE\startup_stm32f103c8tx.s

3 symbols



ARM Macro Assembler    Page 1 Alphabetic symbol ordering
Relocatable symbols

.text 00000000

Symbol: .text
   Definitions
      At line 93 in file ..\CORE\startup_stm32f103c8tx.s
   Uses
      None
Comment: .text unused
ADC1_2_IRQHandler 00000008

Symbol: ADC1_2_IRQHandler
   Definitions
      At line 186 in file ..\CORE\startup_stm32f103c8tx.s
   Uses
      At line 64 in file ..\CORE\startup_stm32f103c8tx.s
      At line 132 in file ..\CORE\startup_stm32f103c8tx.s

BusFault_Handler 00000008

Symbol: BusFault_Handler
   Definitions
      At line 161 in file ..\CORE\startup_stm32f103c8tx.s
   Uses
      At line 33 in file ..\CORE\startup_stm32f103c8tx.s
      At line 107 in file ..\CORE\startup_stm32f103c8tx.s

CAN1_RX1_IRQHandler 00000008

Symbol: CAN1_RX1_IRQHandler
   Definitions
      At line 189 in file ..\CORE\startup_stm32f103c8tx.s
   Uses
      At line 67 in file ..\CORE\startup_stm32f103c8tx.s
      At line 135 in file ..\CORE\startup_stm32f103c8tx.s

CAN1_SCE_IRQHandler 00000008

Symbol: CAN1_SCE_IRQHandler
   Definitions
      At line 190 in file ..\CORE\startup_stm32f103c8tx.s
   Uses
      At line 68 in file ..\CORE\startup_stm32f103c8tx.s
      At line 136 in file ..\CORE\startup_stm32f103c8tx.s

DMA1_Channel1_IRQHandler 00000008

Symbol: DMA1_Channel1_IRQHandler
   Definitions
      At line 179 in file ..\CORE\startup_stm32f103c8tx.s
   Uses
      At line 57 in file ..\CORE\startup_stm32f103c8tx.s
      At line 125 in file ..\CORE\startup_stm32f103c8tx.s

DMA1_Channel2_IRQHandler 00000008

Symbol: DMA1_Channel2_IRQHandler
   Definitions
      At line 180 in file ..\CORE\startup_stm32f103c8tx.s
   Uses



ARM Macro Assembler    Page 2 Alphabetic symbol ordering
Relocatable symbols

      At line 58 in file ..\CORE\startup_stm32f103c8tx.s
      At line 126 in file ..\CORE\startup_stm32f103c8tx.s

DMA1_Channel3_IRQHandler 00000008

Symbol: DMA1_Channel3_IRQHandler
   Definitions
      At line 181 in file ..\CORE\startup_stm32f103c8tx.s
   Uses
      At line 59 in file ..\CORE\startup_stm32f103c8tx.s
      At line 127 in file ..\CORE\startup_stm32f103c8tx.s

DMA1_Channel4_IRQHandler 00000008

Symbol: DMA1_Channel4_IRQHandler
   Definitions
      At line 182 in file ..\CORE\startup_stm32f103c8tx.s
   Uses
      At line 60 in file ..\CORE\startup_stm32f103c8tx.s
      At line 128 in file ..\CORE\startup_stm32f103c8tx.s

DMA1_Channel5_IRQHandler 00000008

Symbol: DMA1_Channel5_IRQHandler
   Definitions
      At line 183 in file ..\CORE\startup_stm32f103c8tx.s
   Uses
      At line 61 in file ..\CORE\startup_stm32f103c8tx.s
      At line 129 in file ..\CORE\startup_stm32f103c8tx.s

DMA1_Channel6_IRQHandler 00000008

Symbol: DMA1_Channel6_IRQHandler
   Definitions
      At line 184 in file ..\CORE\startup_stm32f103c8tx.s
   Uses
      At line 62 in file ..\CORE\startup_stm32f103c8tx.s
      At line 130 in file ..\CORE\startup_stm32f103c8tx.s

DMA1_Channel7_IRQHandler 00000008

Symbol: DMA1_Channel7_IRQHandler
   Definitions
      At line 185 in file ..\CORE\startup_stm32f103c8tx.s
   Uses
      At line 63 in file ..\CORE\startup_stm32f103c8tx.s
      At line 131 in file ..\CORE\startup_stm32f103c8tx.s

DebugMon_Handler 00000008

Symbol: DebugMon_Handler
   Definitions
      At line 164 in file ..\CORE\startup_stm32f103c8tx.s
   Uses
      At line 40 in file ..\CORE\startup_stm32f103c8tx.s
      At line 110 in file ..\CORE\startup_stm32f103c8tx.s

Default_Handler 00000008




ARM Macro Assembler    Page 3 Alphabetic symbol ordering
Relocatable symbols

Symbol: Default_Handler
   Definitions
      At line 103 in file ..\CORE\startup_stm32f103c8tx.s
   Uses
      None
Comment: Default_Handler unused
EXTI0_IRQHandler 00000008

Symbol: EXTI0_IRQHandler
   Definitions
      At line 174 in file ..\CORE\startup_stm32f103c8tx.s
   Uses
      At line 52 in file ..\CORE\startup_stm32f103c8tx.s
      At line 120 in file ..\CORE\startup_stm32f103c8tx.s

EXTI15_10_IRQHandler 00000008

Symbol: EXTI15_10_IRQHandler
   Definitions
      At line 208 in file ..\CORE\startup_stm32f103c8tx.s
   Uses
      At line 86 in file ..\CORE\startup_stm32f103c8tx.s
      At line 154 in file ..\CORE\startup_stm32f103c8tx.s

EXTI1_IRQHandler 00000008

Symbol: EXTI1_IRQHandler
   Definitions
      At line 175 in file ..\CORE\startup_stm32f103c8tx.s
   Uses
      At line 53 in file ..\CORE\startup_stm32f103c8tx.s
      At line 121 in file ..\CORE\startup_stm32f103c8tx.s

EXTI2_IRQHandler 00000008

Symbol: EXTI2_IRQHandler
   Definitions
      At line 176 in file ..\CORE\startup_stm32f103c8tx.s
   Uses
      At line 54 in file ..\CORE\startup_stm32f103c8tx.s
      At line 122 in file ..\CORE\startup_stm32f103c8tx.s

EXTI3_IRQHandler 00000008

Symbol: EXTI3_IRQHandler
   Definitions
      At line 177 in file ..\CORE\startup_stm32f103c8tx.s
   Uses
      At line 55 in file ..\CORE\startup_stm32f103c8tx.s
      At line 123 in file ..\CORE\startup_stm32f103c8tx.s

EXTI4_IRQHandler 00000008

Symbol: EXTI4_IRQHandler
   Definitions
      At line 178 in file ..\CORE\startup_stm32f103c8tx.s
   Uses
      At line 56 in file ..\CORE\startup_stm32f103c8tx.s
      At line 124 in file ..\CORE\startup_stm32f103c8tx.s



ARM Macro Assembler    Page 4 Alphabetic symbol ordering
Relocatable symbols


EXTI9_5_IRQHandler 00000008

Symbol: EXTI9_5_IRQHandler
   Definitions
      At line 191 in file ..\CORE\startup_stm32f103c8tx.s
   Uses
      At line 69 in file ..\CORE\startup_stm32f103c8tx.s
      At line 137 in file ..\CORE\startup_stm32f103c8tx.s

FLASH_IRQHandler 00000008

Symbol: FLASH_IRQHandler
   Definitions
      At line 172 in file ..\CORE\startup_stm32f103c8tx.s
   Uses
      At line 50 in file ..\CORE\startup_stm32f103c8tx.s
      At line 118 in file ..\CORE\startup_stm32f103c8tx.s

HardFault_Handler 00000008

Symbol: HardFault_Handler
   Definitions
      At line 159 in file ..\CORE\startup_stm32f103c8tx.s
   Uses
      At line 31 in file ..\CORE\startup_stm32f103c8tx.s
      At line 105 in file ..\CORE\startup_stm32f103c8tx.s

I2C1_ER_IRQHandler 00000008

Symbol: I2C1_ER_IRQHandler
   Definitions
      At line 200 in file ..\CORE\startup_stm32f103c8tx.s
   Uses
      At line 78 in file ..\CORE\startup_stm32f103c8tx.s
      At line 146 in file ..\CORE\startup_stm32f103c8tx.s

I2C1_EV_IRQHandler 00000008

Symbol: I2C1_EV_IRQHandler
   Definitions
      At line 199 in file ..\CORE\startup_stm32f103c8tx.s
   Uses
      At line 77 in file ..\CORE\startup_stm32f103c8tx.s
      At line 145 in file ..\CORE\startup_stm32f103c8tx.s

I2C2_ER_IRQHandler 00000008

Symbol: I2C2_ER_IRQHandler
   Definitions
      At line 202 in file ..\CORE\startup_stm32f103c8tx.s
   Uses
      At line 80 in file ..\CORE\startup_stm32f103c8tx.s
      At line 148 in file ..\CORE\startup_stm32f103c8tx.s

I2C2_EV_IRQHandler 00000008

Symbol: I2C2_EV_IRQHandler
   Definitions



ARM Macro Assembler    Page 5 Alphabetic symbol ordering
Relocatable symbols

      At line 201 in file ..\CORE\startup_stm32f103c8tx.s
   Uses
      At line 79 in file ..\CORE\startup_stm32f103c8tx.s
      At line 147 in file ..\CORE\startup_stm32f103c8tx.s

MemManage_Handler 00000008

Symbol: MemManage_Handler
   Definitions
      At line 160 in file ..\CORE\startup_stm32f103c8tx.s
   Uses
      At line 32 in file ..\CORE\startup_stm32f103c8tx.s
      At line 106 in file ..\CORE\startup_stm32f103c8tx.s

NMI_Handler 00000008

Symbol: NMI_Handler
   Definitions
      At line 158 in file ..\CORE\startup_stm32f103c8tx.s
   Uses
      At line 30 in file ..\CORE\startup_stm32f103c8tx.s
      At line 104 in file ..\CORE\startup_stm32f103c8tx.s

PVD_IRQHandler 00000008

Symbol: PVD_IRQHandler
   Definitions
      At line 169 in file ..\CORE\startup_stm32f103c8tx.s
   Uses
      At line 47 in file ..\CORE\startup_stm32f103c8tx.s
      At line 115 in file ..\CORE\startup_stm32f103c8tx.s

PendSV_Handler 00000008

Symbol: PendSV_Handler
   Definitions
      At line 165 in file ..\CORE\startup_stm32f103c8tx.s
   Uses
      At line 42 in file ..\CORE\startup_stm32f103c8tx.s
      At line 111 in file ..\CORE\startup_stm32f103c8tx.s

RCC_IRQHandler 00000008

Symbol: RCC_IRQHandler
   Definitions
      At line 173 in file ..\CORE\startup_stm32f103c8tx.s
   Uses
      At line 51 in file ..\CORE\startup_stm32f103c8tx.s
      At line 119 in file ..\CORE\startup_stm32f103c8tx.s

RTCAlarm_IRQHandler 00000008

Symbol: RTCAlarm_IRQHandler
   Definitions
      At line 209 in file ..\CORE\startup_stm32f103c8tx.s
   Uses
      At line 87 in file ..\CORE\startup_stm32f103c8tx.s
      At line 155 in file ..\CORE\startup_stm32f103c8tx.s




ARM Macro Assembler    Page 6 Alphabetic symbol ordering
Relocatable symbols

RTC_IRQHandler 00000008

Symbol: RTC_IRQHandler
   Definitions
      At line 171 in file ..\CORE\startup_stm32f103c8tx.s
   Uses
      At line 49 in file ..\CORE\startup_stm32f103c8tx.s
      At line 117 in file ..\CORE\startup_stm32f103c8tx.s

Reset_Handler 00000000

Symbol: Reset_Handler
   Definitions
      At line 95 in file ..\CORE\startup_stm32f103c8tx.s
   Uses
      At line 29 in file ..\CORE\startup_stm32f103c8tx.s
      At line 96 in file ..\CORE\startup_stm32f103c8tx.s

SPI1_IRQHandler 00000008

Symbol: SPI1_IRQHandler
   Definitions
      At line 203 in file ..\CORE\startup_stm32f103c8tx.s
   Uses
      At line 81 in file ..\CORE\startup_stm32f103c8tx.s
      At line 149 in file ..\CORE\startup_stm32f103c8tx.s

SPI2_IRQHandler 00000008

Symbol: SPI2_IRQHandler
   Definitions
      At line 204 in file ..\CORE\startup_stm32f103c8tx.s
   Uses
      At line 82 in file ..\CORE\startup_stm32f103c8tx.s
      At line 150 in file ..\CORE\startup_stm32f103c8tx.s

SVC_Handler 00000008

Symbol: SVC_Handler
   Definitions
      At line 163 in file ..\CORE\startup_stm32f103c8tx.s
   Uses
      At line 39 in file ..\CORE\startup_stm32f103c8tx.s
      At line 109 in file ..\CORE\startup_stm32f103c8tx.s

SysTick_Handler 00000008

Symbol: SysTick_Handler
   Definitions
      At line 166 in file ..\CORE\startup_stm32f103c8tx.s
   Uses
      At line 43 in file ..\CORE\startup_stm32f103c8tx.s
      At line 112 in file ..\CORE\startup_stm32f103c8tx.s

TAMPER_IRQHandler 00000008

Symbol: TAMPER_IRQHandler
   Definitions
      At line 170 in file ..\CORE\startup_stm32f103c8tx.s



ARM Macro Assembler    Page 7 Alphabetic symbol ordering
Relocatable symbols

   Uses
      At line 48 in file ..\CORE\startup_stm32f103c8tx.s
      At line 116 in file ..\CORE\startup_stm32f103c8tx.s

TIM1_BRK_IRQHandler 00000008

Symbol: TIM1_BRK_IRQHandler
   Definitions
      At line 192 in file ..\CORE\startup_stm32f103c8tx.s
   Uses
      At line 70 in file ..\CORE\startup_stm32f103c8tx.s
      At line 138 in file ..\CORE\startup_stm32f103c8tx.s

TIM1_CC_IRQHandler 00000008

Symbol: TIM1_CC_IRQHandler
   Definitions
      At line 195 in file ..\CORE\startup_stm32f103c8tx.s
   Uses
      At line 73 in file ..\CORE\startup_stm32f103c8tx.s
      At line 141 in file ..\CORE\startup_stm32f103c8tx.s

TIM1_TRG_COM_IRQHandler 00000008

Symbol: TIM1_TRG_COM_IRQHandler
   Definitions
      At line 194 in file ..\CORE\startup_stm32f103c8tx.s
   Uses
      At line 72 in file ..\CORE\startup_stm32f103c8tx.s
      At line 140 in file ..\CORE\startup_stm32f103c8tx.s

TIM1_UP_IRQHandler 00000008

Symbol: TIM1_UP_IRQHandler
   Definitions
      At line 193 in file ..\CORE\startup_stm32f103c8tx.s
   Uses
      At line 71 in file ..\CORE\startup_stm32f103c8tx.s
      At line 139 in file ..\CORE\startup_stm32f103c8tx.s

TIM2_IRQHandler 00000008

Symbol: TIM2_IRQHandler
   Definitions
      At line 196 in file ..\CORE\startup_stm32f103c8tx.s
   Uses
      At line 74 in file ..\CORE\startup_stm32f103c8tx.s
      At line 142 in file ..\CORE\startup_stm32f103c8tx.s

TIM3_IRQHandler 00000008

Symbol: TIM3_IRQHandler
   Definitions
      At line 197 in file ..\CORE\startup_stm32f103c8tx.s
   Uses
      At line 75 in file ..\CORE\startup_stm32f103c8tx.s
      At line 143 in file ..\CORE\startup_stm32f103c8tx.s

TIM4_IRQHandler 00000008



ARM Macro Assembler    Page 8 Alphabetic symbol ordering
Relocatable symbols


Symbol: TIM4_IRQHandler
   Definitions
      At line 198 in file ..\CORE\startup_stm32f103c8tx.s
   Uses
      At line 76 in file ..\CORE\startup_stm32f103c8tx.s
      At line 144 in file ..\CORE\startup_stm32f103c8tx.s

USART1_IRQHandler 00000008

Symbol: USART1_IRQHandler
   Definitions
      At line 205 in file ..\CORE\startup_stm32f103c8tx.s
   Uses
      At line 83 in file ..\CORE\startup_stm32f103c8tx.s
      At line 151 in file ..\CORE\startup_stm32f103c8tx.s

USART2_IRQHandler 00000008

Symbol: USART2_IRQHandler
   Definitions
      At line 206 in file ..\CORE\startup_stm32f103c8tx.s
   Uses
      At line 84 in file ..\CORE\startup_stm32f103c8tx.s
      At line 152 in file ..\CORE\startup_stm32f103c8tx.s

USART3_IRQHandler 00000008

Symbol: USART3_IRQHandler
   Definitions
      At line 207 in file ..\CORE\startup_stm32f103c8tx.s
   Uses
      At line 85 in file ..\CORE\startup_stm32f103c8tx.s
      At line 153 in file ..\CORE\startup_stm32f103c8tx.s

USBWakeUp_IRQHandler 00000008

Symbol: USBWakeUp_IRQHandler
   Definitions
      At line 210 in file ..\CORE\startup_stm32f103c8tx.s
   Uses
      At line 88 in file ..\CORE\startup_stm32f103c8tx.s
      At line 156 in file ..\CORE\startup_stm32f103c8tx.s

USB_HP_CAN1_TX_IRQHandler 00000008

Symbol: USB_HP_CAN1_TX_IRQHandler
   Definitions
      At line 187 in file ..\CORE\startup_stm32f103c8tx.s
   Uses
      At line 65 in file ..\CORE\startup_stm32f103c8tx.s
      At line 133 in file ..\CORE\startup_stm32f103c8tx.s

USB_LP_CAN1_RX0_IRQHandler 00000008

Symbol: USB_LP_CAN1_RX0_IRQHandler
   Definitions
      At line 188 in file ..\CORE\startup_stm32f103c8tx.s
   Uses



ARM Macro Assembler    Page 9 Alphabetic symbol ordering
Relocatable symbols

      At line 66 in file ..\CORE\startup_stm32f103c8tx.s
      At line 134 in file ..\CORE\startup_stm32f103c8tx.s

UsageFault_Handler 00000008

Symbol: UsageFault_Handler
   Definitions
      At line 162 in file ..\CORE\startup_stm32f103c8tx.s
   Uses
      At line 34 in file ..\CORE\startup_stm32f103c8tx.s
      At line 108 in file ..\CORE\startup_stm32f103c8tx.s

WWDG_IRQHandler 00000008

Symbol: WWDG_IRQHandler
   Definitions
      At line 168 in file ..\CORE\startup_stm32f103c8tx.s
   Uses
      At line 46 in file ..\CORE\startup_stm32f103c8tx.s
      At line 114 in file ..\CORE\startup_stm32f103c8tx.s

__user_initial_stackheap 0000000C

Symbol: __user_initial_stackheap
   Definitions
      At line 224 in file ..\CORE\startup_stm32f103c8tx.s
   Uses
      At line 222 in file ..\CORE\startup_stm32f103c8tx.s
Comment: __user_initial_stackheap used once
56 symbols



ARM Macro Assembler    Page 1 Alphabetic symbol ordering
Absolute symbols

Heap_Size 00000200

Symbol: Heap_Size
   Definitions
      At line 13 in file ..\CORE\startup_stm32f103c8tx.s
   Uses
      At line 17 in file ..\CORE\startup_stm32f103c8tx.s
      At line 227 in file ..\CORE\startup_stm32f103c8tx.s

Stack_Size 00000400

Symbol: Stack_Size
   Definitions
      At line 7 in file ..\CORE\startup_stm32f103c8tx.s
   Uses
      At line 10 in file ..\CORE\startup_stm32f103c8tx.s
      At line 226 in file ..\CORE\startup_stm32f103c8tx.s

__Vectors_Size 000000EC

Symbol: __Vectors_Size
   Definitions
      At line 91 in file ..\CORE\startup_stm32f103c8tx.s
   Uses
      At line 26 in file ..\CORE\startup_stm32f103c8tx.s
Comment: __Vectors_Size used once
3 symbols



ARM Macro Assembler    Page 1 Alphabetic symbol ordering
External symbols

SystemInit 00000000

Symbol: SystemInit
   Definitions
      At line 97 in file ..\CORE\startup_stm32f103c8tx.s
   Uses
      At line 99 in file ..\CORE\startup_stm32f103c8tx.s
Comment: SystemInit used once
__main 00000000

Symbol: __main
   Definitions
      At line 98 in file ..\CORE\startup_stm32f103c8tx.s
   Uses
      At line 100 in file ..\CORE\startup_stm32f103c8tx.s
Comment: __main used once
__use_two_region_memory 00000000

Symbol: __use_two_region_memory
   Definitions
      At line 221 in file ..\CORE\startup_stm32f103c8tx.s
   Uses
      None
Comment: __use_two_region_memory unused
3 symbols
408 symbols in table
